Many modules are hidden in this stack. Use "module --show_hidden spider SOFTWARE" if you are not able to find the required software
Traceback (most recent call last):
  File "/cluster/home/smoorsmith/OpinionDynamicsValidation/experiments/full_real_data_experiment.py", line 23, in <module>
    model_name, zero_diff, optimized_diffs, optimized_params = real_data_experiment(
                                                               ^^^^^^^^^^^^^^^^^^^^^
  File "/cluster/home/smoorsmith/OpinionDynamicsValidation/experiments/real_data.py", line 36, in real_data_experiment
    essfile = ESSFile(
              ^^^^^^^^
  File "/cluster/home/smoorsmith/OpinionDynamicsValidation/datasets/ess/ess_file.py", line 13, in __init__
    self.read_csv()
  File "/cluster/home/smoorsmith/OpinionDynamicsValidation/datasets/ess/ess_file.py", line 20, in read_csv
    df = pd.read_csv(self._filename)
         ^^^^^^^^^^^^^^^^^^^^^^^^^^^
  File "/cluster/software/stacks/2024-06/spack/opt/spack/linux-ubuntu22.04-x86_64_v3/gcc-12.2.0/python-3.12.8-fsjifemmcikxawaikoa3hptau4flr2lh/lib/python3.12/site-packages/pandas/io/parsers/readers.py", line 1026, in read_csv
    return _read(filepath_or_buffer, kwds)
           ^^^^^^^^^^^^^^^^^^^^^^^^^^^^^^^
  File "/cluster/software/stacks/2024-06/spack/opt/spack/linux-ubuntu22.04-x86_64_v3/gcc-12.2.0/python-3.12.8-fsjifemmcikxawaikoa3hptau4flr2lh/lib/python3.12/site-packages/pandas/io/parsers/readers.py", line 620, in _read
    parser = TextFileReader(filepath_or_buffer, **kwds)
             ^^^^^^^^^^^^^^^^^^^^^^^^^^^^^^^^^^^^^^^^^^
  File "/cluster/software/stacks/2024-06/spack/opt/spack/linux-ubuntu22.04-x86_64_v3/gcc-12.2.0/python-3.12.8-fsjifemmcikxawaikoa3hptau4flr2lh/lib/python3.12/site-packages/pandas/io/parsers/readers.py", line 1620, in __init__
    self._engine = self._make_engine(f, self.engine)
                   ^^^^^^^^^^^^^^^^^^^^^^^^^^^^^^^^^
  File "/cluster/software/stacks/2024-06/spack/opt/spack/linux-ubuntu22.04-x86_64_v3/gcc-12.2.0/python-3.12.8-fsjifemmcikxawaikoa3hptau4flr2lh/lib/python3.12/site-packages/pandas/io/parsers/readers.py", line 1880, in _make_engine
    self.handles = get_handle(
                   ^^^^^^^^^^^
  File "/cluster/software/stacks/2024-06/spack/opt/spack/linux-ubuntu22.04-x86_64_v3/gcc-12.2.0/python-3.12.8-fsjifemmcikxawaikoa3hptau4flr2lh/lib/python3.12/site-packages/pandas/io/common.py", line 873, in get_handle
    handle = open(
             ^^^^^
FileNotFoundError: [Errno 2] No such file or directory: 'datasets/ess/full_groups/politics.csv'
slurmstepd: error: *** JOB 28584363 ON eu-g5-048-3 CANCELLED AT 2025-04-07T04:20:54 DUE TO TIME LIMIT ***
